<?xml version="1.0" encoding="UTF-8"?>
<testsuite name="org.springframework.samples.petclinic.owner.PetControllerTests" tests="6" skipped="0" failures="0" errors="0" timestamp="2019-10-23T16:55:23" hostname="manjaro" time="0.668">
  <properties/>
  <testcase name="testProcessCreationFormSuccess()" classname="org.springframework.samples.petclinic.owner.PetControllerTests" time="0.072"/>
  <testcase name="testProcessUpdateFormSuccess()" classname="org.springframework.samples.petclinic.owner.PetControllerTests" time="0.041"/>
  <testcase name="testInitUpdateForm()" classname="org.springframework.samples.petclinic.owner.PetControllerTests" time="0.226"/>
  <testcase name="testInitCreationForm()" classname="org.springframework.samples.petclinic.owner.PetControllerTests" time="0.086"/>
  <testcase name="testProcessCreationFormHasErrors()" classname="org.springframework.samples.petclinic.owner.PetControllerTests" time="0.129"/>
  <testcase name="testProcessUpdateFormHasErrors()" classname="org.springframework.samples.petclinic.owner.PetControllerTests" time="0.074"/>
  <system-out><![CDATA[2019-10-23 13:55:20.412  INFO 28573 --- [    Test worker] .b.t.a.w.s.WebMvcTestContextBootstrapper : Neither @ContextConfiguration nor @ContextHierarchy found for test class [org.springframework.samples.petclinic.owner.PetControllerTests], using SpringBootContextLoader
2019-10-23 13:55:20.416  INFO 28573 --- [    Test worker] o.s.t.c.support.AbstractContextLoader    : Could not detect default resource locations for test class [org.springframework.samples.petclinic.owner.PetControllerTests]: no resource found for suffixes {-context.xml, Context.groovy}.
2019-10-23 13:55:20.416  INFO 28573 --- [    Test worker] t.c.s.AnnotationConfigContextLoaderUtils : Could not detect default configuration classes for test class [org.springframework.samples.petclinic.owner.PetControllerTests]: PetControllerTests does not declare any static, non-private, non-final, nested classes annotated with @Configuration.
2019-10-23 13:55:20.430  INFO 28573 --- [    Test worker] .b.t.c.SpringBootTestContextBootstrapper : Found @SpringBootConfiguration org.springframework.samples.petclinic.PetClinicApplication for test class org.springframework.samples.petclinic.owner.PetControllerTests
2019-10-23 13:55:20.433  INFO 28573 --- [    Test worker] .b.t.a.w.s.WebMvcTestContextBootstrapper : Loaded default TestExecutionListener class names from location [META-INF/spring.factories]: [org.springframework.boot.test.autoconfigure.restdocs.RestDocsTestExecutionListener, org.springframework.boot.test.autoconfigure.web.client.MockRestServiceServerResetTestExecutionListener, org.springframework.boot.test.autoconfigure.web.servlet.MockMvcPrintOnlyOnFailureTestExecutionListener, org.springframework.boot.test.autoconfigure.web.servlet.WebDriverTestExecutionListener, org.springframework.boot.test.mock.mockito.MockitoTestExecutionListener, org.springframework.boot.test.mock.mockito.ResetMocksTestExecutionListener, org.springframework.test.context.web.ServletTestExecutionListener, org.springframework.test.context.support.DirtiesContextBeforeModesTestExecutionListener, org.springframework.test.context.support.DependencyInjectionTestExecutionListener, org.springframework.test.context.support.DirtiesContextTestExecutionListener, org.springframework.test.context.transaction.TransactionalTestExecutionListener, org.springframework.test.context.jdbc.SqlScriptsTestExecutionListener, org.springframework.test.context.event.EventPublishingTestExecutionListener]
2019-10-23 13:55:20.434  INFO 28573 --- [    Test worker] .b.t.a.w.s.WebMvcTestContextBootstrapper : Using TestExecutionListeners: [org.springframework.test.context.web.ServletTestExecutionListener@3ac43a56, org.springframework.test.context.support.DirtiesContextBeforeModesTestExecutionListener@5fb0210a, org.springframework.boot.test.mock.mockito.MockitoTestExecutionListener@101222f5, org.springframework.boot.test.autoconfigure.SpringBootDependencyInjectionTestExecutionListener@2fc4d238, org.springframework.test.context.support.DirtiesContextTestExecutionListener@34495b1c, org.springframework.test.context.transaction.TransactionalTestExecutionListener@6aaf94ee, org.springframework.test.context.jdbc.SqlScriptsTestExecutionListener@6b2b16c4, org.springframework.test.context.event.EventPublishingTestExecutionListener@62f74c8b, org.springframework.boot.test.autoconfigure.restdocs.RestDocsTestExecutionListener@1c186a72, org.springframework.boot.test.autoconfigure.web.client.MockRestServiceServerResetTestExecutionListener@a0685fb, org.springframework.boot.test.autoconfigure.web.servlet.MockMvcPrintOnlyOnFailureTestExecutionListener@39282f49, org.springframework.boot.test.autoconfigure.web.servlet.WebDriverTestExecutionListener@6163bff3, org.springframework.boot.test.mock.mockito.ResetMocksTestExecutionListener@3ef70257]


              |\      _,,,--,,_
             /,`.-'`'   ._  \-;;,_
  _______ __|,4-  ) )_   .;.(__`'-'__     ___ __    _ ___ _______
 |       | '---''(_/._)-'(_\_)   |   |   |   |  |  | |   |       |
 |    _  |    ___|_     _|       |   |   |   |   |_| |   |       | __ _ _
 |   |_| |   |___  |   | |       |   |   |   |       |   |       | \ \ \ \
 |    ___|    ___| |   | |      _|   |___|   |  _    |   |      _|  \ \ \ \
 |   |   |   |___  |   | |     |_|       |   | | |   |   |     |_    ) ) ) )
 |___|   |_______| |___| |_______|_______|___|_|  |__|___|_______|  / / / /
 ==================================================================/_/_/_/

:: Built with Spring Boot :: 2.2.0.RELEASE


2019-10-23 13:55:20.526  INFO 28573 --- [    Test worker] o.s.s.p.owner.PetControllerTests         : Starting PetControllerTests on manjaro with PID 28573 (started by panchi in /home/panchi/Repos/spring-petclinic)
2019-10-23 13:55:20.527  INFO 28573 --- [    Test worker] o.s.s.p.owner.PetControllerTests         : No active profile set, falling back to default profiles: default
2019-10-23 13:55:21.460  INFO 28573 --- [    Test worker] o.s.s.concurrent.ThreadPoolTaskExecutor  : Initializing ExecutorService 'applicationTaskExecutor'
2019-10-23 13:55:22.920  INFO 28573 --- [    Test worker] o.s.b.t.m.w.SpringBootMockServletContext : Initializing Spring TestDispatcherServlet ''
2019-10-23 13:55:22.920  INFO 28573 --- [    Test worker] o.s.t.web.servlet.TestDispatcherServlet  : Initializing Servlet ''
2019-10-23 13:55:22.950  INFO 28573 --- [    Test worker] o.s.t.web.servlet.TestDispatcherServlet  : Completed initialization in 30 ms
2019-10-23 13:55:22.997  INFO 28573 --- [    Test worker] o.s.s.p.owner.PetControllerTests         : Started PetControllerTests in 2.55 seconds (JVM running for 20.025)
]]></system-out>
  <system-err><![CDATA[]]></system-err>
</testsuite>
